BatchIsp help

	[-demo]
	[-version]
	[-autoisp	{ 0 | 1* } { 0* | 1 }]
	[-no_usbdrvchk]
	[-debug {<out_logfile>}]
	-device		<device_name>
	[-hardware	{ RS232 | usb | atmel_rs232 |
			vector | ixxat | ixxat_can2 | janz | peak |kvaser
			systecusbcan | usb_lpc | usb_uart | usb_spi}]
	[-port		{ COM1 | ... | comx }]
	[-baudrate	{ 9600 | 19200 | 38400 | 57600 | 115200* }]
	[-canbitrate	{ 20 | 100 | 125 | 250 | 500* | 1000 }]
	[-cmdfile	<cmd_file>]

	-operation
			[ CANOPEN <node_number> ]
			[ CANCLOSE <node_number> ]
			[ MEMORY { FLASH | eeprom | <id> } ]
			[ ERASE { f | <n> } ]
			[ ADDRANGE <start> <end> ]
			[ BLANKCHECK ]
			[ PROGRAM ]
			[ VERIFY ]
			[ READ ]
			[ SERIALIZE <dest_addr> <serial_number> <number | ascii | unicode> <step> ]
			[ START { RESET | noreset } <address> ]
			[ WAIT <Nsec> ]
			[ LOADBUFFER <in_hexfile> ]
			[ FILLBUFFER <data> ]
			[ SAVEBUFFER <out_hexfile> ]
			[ ONFAIL < ASK | abort | retry | ignore > ]
			[ ASSERT < PASS | fail > ]
			[ RBOOTID1 [ expected_data ] ]
			[ RBOOTID2 [ expected_data ] ]
			[ WSBV <data> ]
			[ RSBV [ expected_data ] ]
			[ WBSB <data> ]
			[ RBSB [ expected_data ] ]
			[ WHWB <data> ]
			[ RHWB [ expected_data ] ]
			[ WEB <data> ]
			[ REB [ expected_data ] ]
			[ SSL1 ]
			[ SSL2 ]
			[ RSSB [ expected_data ] ]
			[ RSIGB ]
			[ WCRIS <data> ]
			[ RCRIS [ expected data ] ]
			[ WNNB <data> ]
			[ RNNB [ expected data ] ]
			[ WBTC1 <data> ]
			[ RBTC1 [ expected data ] ]
			[ WBTC2 <data> ]
			[ RBTC2 [ expected data ] ]
			[ WBTC3 <data> ]
			[ RBTC3 [ expected data ] ]
			[ WP1CFG <data> ]
			[ RP1CFG [ expected data ] ]
			[ WP3CFG <data> ]
			[ RP3CFG [ expected data ] ]
			[ WP4CFG <data> ]
			[ RP4CFG [ expected data ] ]
			[ ENAX2 ]
			[ DISX2 ]
			[ ENABLJB ]
			[ DISBLJB ]
			[ ENAOSC ]
			[ DISOSC ]
			[ ENASELBOOT ]
			[ DISSELBOOT ]
			[ INCLUDE <cmd_file> ]
			[ ECHO <"your_comment"> ]
